2024-04-29T14:51:51.255+05:30  INFO 11540 --- [restartedMain] com.ust.pharma.PharmaApplication         : Starting PharmaApplication using Java 17.0.7 with PID 11540 (C:\Users\245239\Desktop\Java\pharma\target\classes started by 245239 in C:\Users\245239\Desktop\Java\pharma)
2024-04-29T14:51:51.269+05:30  INFO 11540 --- [restartedMain] com.ust.pharma.PharmaApplication         : No active profile set, falling back to 1 default profile: "default"
2024-04-29T14:51:51.340+05:30  INFO 11540 --- [restartedMain] .e.DevToolsPropertyDefaultsPostProcessor : Devtools property defaults active! Set 'spring.devtools.add-properties' to 'false' to disable
2024-04-29T14:51:51.341+05:30  INFO 11540 --- [restartedMain] .e.DevToolsPropertyDefaultsPostProcessor : For additional web related logging consider setting the 'logging.level.web' property to 'DEBUG'
2024-04-29T14:51:52.633+05:30  INFO 11540 --- [restartedMain] .s.d.r.c.RepositoryConfigurationDelegate : Multiple Spring Data modules found, entering strict repository configuration mode
2024-04-29T14:51:52.634+05:30  INFO 11540 --- [restartedMain] .s.d.r.c.RepositoryConfigurationDelegate : Bootstrapping Spring Data JDBC repositories in DEFAULT mode.
2024-04-29T14:51:52.696+05:30  INFO 11540 --- [restartedMain] .RepositoryConfigurationExtensionSupport : Spring Data JDBC - Could not safely identify store assignment for repository candidate interface com.ust.pharma.repository.IBatchRepository; If you want this repository to be a JDBC repository, consider annotating your entities with one of these annotations: org.springframework.data.relational.core.mapping.Table.
2024-04-29T14:51:52.698+05:30  INFO 11540 --- [restartedMain] .RepositoryConfigurationExtensionSupport : Spring Data JDBC - Could not safely identify store assignment for repository candidate interface com.ust.pharma.repository.IMedicineMasterRepository; If you want this repository to be a JDBC repository, consider annotating your entities with one of these annotations: org.springframework.data.relational.core.mapping.Table.
2024-04-29T14:51:52.701+05:30  INFO 11540 --- [restartedMain] .RepositoryConfigurationExtensionSupport : Spring Data JDBC - Could not safely identify store assignment for repository candidate interface com.ust.pharma.repository.IMedicineTypeMasterRepository; If you want this repository to be a JDBC repository, consider annotating your entities with one of these annotations: org.springframework.data.relational.core.mapping.Table.
2024-04-29T14:51:52.703+05:30  INFO 11540 --- [restartedMain] .RepositoryConfigurationExtensionSupport : Spring Data JDBC - Could not safely identify store assignment for repository candidate interface com.ust.pharma.repository.IShippingMasterRepository; If you want this repository to be a JDBC repository, consider annotating your entities with one of these annotations: org.springframework.data.relational.core.mapping.Table.
2024-04-29T14:51:52.704+05:30  INFO 11540 --- [restartedMain] .s.d.r.c.RepositoryConfigurationDelegate : Finished Spring Data repository scanning in 64 ms. Found 0 JDBC repository interfaces.
2024-04-29T14:51:52.718+05:30  INFO 11540 --- [restartedMain] .s.d.r.c.RepositoryConfigurationDelegate : Multiple Spring Data modules found, entering strict repository configuration mode
2024-04-29T14:51:52.720+05:30  INFO 11540 --- [restartedMain] .s.d.r.c.RepositoryConfigurationDelegate : Bootstrapping Spring Data JPA repositories in DEFAULT mode.
2024-04-29T14:51:52.775+05:30  INFO 11540 --- [restartedMain] .s.d.r.c.RepositoryConfigurationDelegate : Finished Spring Data repository scanning in 49 ms. Found 4 JPA repository interfaces.
2024-04-29T14:51:53.862+05:30  INFO 11540 --- [restartedMain] o.s.b.w.embedded.tomcat.TomcatWebServer  : Tomcat initialized with port 8080 (http)
2024-04-29T14:51:53.878+05:30  INFO 11540 --- [restartedMain] o.apache.catalina.core.StandardService   : Starting service [Tomcat]
2024-04-29T14:51:53.879+05:30  INFO 11540 --- [restartedMain] o.apache.catalina.core.StandardEngine    : Starting Servlet engine: [Apache Tomcat/10.1.19]
2024-04-29T14:51:53.965+05:30  INFO 11540 --- [restartedMain] o.a.c.c.C.[Tomcat].[localhost].[/]       : Initializing Spring embedded WebApplicationContext
2024-04-29T14:51:53.966+05:30  INFO 11540 --- [restartedMain] w.s.c.ServletWebServerApplicationContext : Root WebApplicationContext: initialization completed in 2624 ms
2024-04-29T14:51:54.216+05:30  INFO 11540 --- [restartedMain] o.hibernate.jpa.internal.util.LogHelper  : HHH000204: Processing PersistenceUnitInfo [name: default]
2024-04-29T14:51:54.307+05:30  INFO 11540 --- [restartedMain] org.hibernate.Version                    : HHH000412: Hibernate ORM core version 6.4.4.Final
2024-04-29T14:51:54.356+05:30  INFO 11540 --- [restartedMain] o.h.c.internal.RegionFactoryInitiator    : HHH000026: Second-level cache disabled
2024-04-29T14:51:54.610+05:30  INFO 11540 --- [restartedMain] o.s.o.j.p.SpringPersistenceUnitInfo      : No LoadTimeWeaver setup: ignoring JPA class transformer
2024-04-29T14:51:54.639+05:30  INFO 11540 --- [restartedMain] com.zaxxer.hikari.HikariDataSource       : HikariPool-1 - Starting...
2024-04-29T14:51:55.040+05:30  INFO 11540 --- [restartedMain] com.zaxxer.hikari.pool.HikariPool        : HikariPool-1 - Added connection com.mysql.cj.jdbc.ConnectionImpl@2bc50907
2024-04-29T14:51:55.042+05:30  INFO 11540 --- [restartedMain] com.zaxxer.hikari.HikariDataSource       : HikariPool-1 - Start completed.
2024-04-29T14:51:56.020+05:30  INFO 11540 --- [restartedMain] o.h.e.t.j.p.i.JtaPlatformInitiator       : HHH000489: No JTA platform available (set 'hibernate.transaction.jta.platform' to enable JTA platform integration)
2024-04-29T14:51:56.082+05:30  INFO 11540 --- [restartedMain] j.LocalContainerEntityManagerFactoryBean : Initialized JPA EntityManagerFactory for persistence unit 'default'
2024-04-29T14:51:56.812+05:30  WARN 11540 --- [restartedMain] JpaBaseConfiguration$JpaWebConfiguration : spring.jpa.open-in-view is enabled by default. Therefore, database queries may be performed during view rendering. Explicitly configure spring.jpa.open-in-view to disable this warning
2024-04-29T14:51:58.285+05:30  INFO 11540 --- [restartedMain] o.s.s.web.DefaultSecurityFilterChain     : Will secure any request with [org.springframework.security.web.session.DisableEncodeUrlFilter@4b21480c, org.springframework.security.web.context.request.async.WebAsyncManagerIntegrationFilter@1e1b32bc, org.springframework.security.web.context.SecurityContextHolderFilter@2a9092f1, org.springframework.security.web.header.HeaderWriterFilter@4317eb34, org.springframework.web.filter.CorsFilter@3b368c1e, org.springframework.security.web.authentication.logout.LogoutFilter@68f5a6a9, org.springframework.security.web.authentication.www.BasicAuthenticationFilter@1f895cc8, org.springframework.security.web.savedrequest.RequestCacheAwareFilter@1727f95c, org.springframework.security.web.servletapi.SecurityContextHolderAwareRequestFilter@6c83223d, org.springframework.security.web.authentication.AnonymousAuthenticationFilter@3d7579de, org.springframework.security.web.access.ExceptionTranslationFilter@31c5cbdc, org.springframework.security.web.access.intercept.AuthorizationFilter@31b321fc]
2024-04-29T14:51:58.808+05:30  INFO 11540 --- [restartedMain] o.s.b.d.a.OptionalLiveReloadServer       : LiveReload server is running on port 35729
2024-04-29T14:51:58.854+05:30  INFO 11540 --- [restartedMain] o.s.b.w.embedded.tomcat.TomcatWebServer  : Tomcat started on port 8080 (http) with context path ''
2024-04-29T14:51:58.863+05:30  INFO 11540 --- [restartedMain] com.ust.pharma.PharmaApplication         : Started PharmaApplication in 8.128 seconds (process running for 8.707)
2024-04-29T14:52:08.584+05:30  INFO 11540 --- [http-nio-8080-exec-1] o.a.c.c.C.[Tomcat].[localhost].[/]       : Initializing Spring DispatcherServlet 'dispatcherServlet'
2024-04-29T14:52:08.584+05:30  INFO 11540 --- [http-nio-8080-exec-1] o.s.web.servlet.DispatcherServlet        : Initializing Servlet 'dispatcherServlet'
2024-04-29T14:52:08.587+05:30  INFO 11540 --- [http-nio-8080-exec-1] o.s.web.servlet.DispatcherServlet        : Completed initialization in 1 ms
2024-04-29T14:52:08.950+05:30  WARN 11540 --- [http-nio-8080-exec-1] o.a.c.util.SessionIdGeneratorBase        : Creation of SecureRandom instance for session ID generation using [SHA1PRNG] took [281] milliseconds.
2024-04-29T14:52:12.453+05:30  INFO 11540 --- [http-nio-8080-exec-6] o.springdoc.api.AbstractOpenApiResource  : Init duration for springdoc-openapi is: 601 ms
2024-04-29T14:52:25.781+05:30  INFO 11540 --- [http-nio-8080-exec-8] c.u.pharma.controller.PharmaController   : Invoked controller method fetchAllBatch
2024-04-29T18:35:48.753+05:30  INFO 11540 --- [SpringApplicationShutdownHook] j.LocalContainerEntityManagerFactoryBean : Closing JPA EntityManagerFactory for persistence unit 'default'
2024-04-29T18:35:48.770+05:30  INFO 11540 --- [SpringApplicationShutdownHook] com.zaxxer.hikari.HikariDataSource       : HikariPool-1 - Shutdown initiated...
2024-04-29T18:35:48.776+05:30  INFO 11540 --- [SpringApplicationShutdownHook] com.zaxxer.hikari.HikariDataSource       : HikariPool-1 - Shutdown completed.
